107.03.12 22:05 B C:\Sites\Aladdin\images\10-919187119.gif <-- aladdin-nuvox /www.aladdinshrine.org/images 10-919187119.gif
107.03.12 22:05 B C:\Sites\Aladdin\images\100dollr.gif <-- aladdin-nuvox /www.aladdinshrine.org/images 100dollr.gif
107.03.12 22:05 B C:\Sites\Aladdin\images\12-937043317.gif <-- aladdin-nuvox /www.aladdinshrine.org/images 12-937043317.gif
107.03.12 22:05 B C:\Sites\Aladdin\images\2000pin4.gif <-- aladdin-nuvox /www.aladdinshrine.org/images 2000pin4.gif
107.03.12 22:05 B C:\Sites\Aladdin\images\2001_calendar_button.gif <-- aladdin-nuvox /www.aladdinshrine.org/images 2001_calendar_button.gif
107.03.12 22:05 B C:\Sites\Aladdin\images\2001Logo.gif <-- aladdin-nuvox /www.aladdinshrine.org/images 2001Logo.gif
107.03.12 22:05 B C:\Sites\Aladdin\images\2003_Logo.gif <-- aladdin-nuvox /www.aladdinshrine.org/images 2003_Logo.gif
107.03.12 22:05 B C:\Sites\Aladdin\images\2003imperial.gif <-- aladdin-nuvox /www.aladdinshrine.org/images 2003imperial.gif
107.03.12 22:05 B C:\Sites\Aladdin\images\2004potepin.gif <-- aladdin-nuvox /www.aladdinshrine.org/images 2004potepin.gif
107.03.12 22:05 B C:\Sites\Aladdin\images\2004potepin.jpg <-- aladdin-nuvox /www.aladdinshrine.org/images 2004potepin.jpg
107.03.12 22:05 B C:\Sites\Aladdin\images\2004potepin.png <-- aladdin-nuvox /www.aladdinshrine.org/images 2004potepin.png
107.03.12 22:05 B C:\Sites\Aladdin\images\2004potepinmed.gif <-- aladdin-nuvox /www.aladdinshrine.org/images 2004potepinmed.gif
107.03.12 22:05 B C:\Sites\Aladdin\images\2004potepinmed2.gif <-- aladdin-nuvox /www.aladdinshrine.org/images 2004potepinmed2.gif
107.03.12 22:05 B C:\Sites\Aladdin\images\2004potepinsmall.gif <-- aladdin-nuvox /www.aladdinshrine.org/images 2004potepinsmall.gif
107.03.12 22:05 B C:\Sites\Aladdin\images\2004potepinsmall2.gif <-- aladdin-nuvox /www.aladdinshrine.org/images 2004potepinsmall2.gif
107.03.12 22:05 B C:\Sites\Aladdin\images\202-newyr2.gif <-- aladdin-nuvox /www.aladdinshrine.org/images 202-newyr2.gif
107.03.12 22:05 B C:\Sites\Aladdin\images\202-newyr3.gif <-- aladdin-nuvox /www.aladdinshrine.org/images 202-newyr3.gif
107.03.12 22:05 B C:\Sites\Aladdin\images\202-newyr4.gif <-- aladdin-nuvox /www.aladdinshrine.org/images 202-newyr4.gif
107.03.12 22:05 B C:\Sites\Aladdin\images\2cm.ht4.gif <-- aladdin-nuvox /www.aladdinshrine.org/images 2cm.ht4.gif
107.03.12 22:05 B C:\Sites\Aladdin\images\33-293410144.gif <-- aladdin-nuvox /www.aladdinshrine.org/images 33-293410144.gif
107.03.12 22:05 B C:\Sites\Aladdin\images\35-106952509.gif <-- aladdin-nuvox /www.aladdinshrine.org/images 35-106952509.gif
107.03.12 22:05 B C:\Sites\Aladdin\images\3planets.gif <-- aladdin-nuvox /www.aladdinshrine.org/images 3planets.gif
107.03.12 22:05 B C:\Sites\Aladdin\images\41-900575857.gif <-- aladdin-nuvox /www.aladdinshrine.org/images 41-900575857.gif
107.03.12 22:05 B C:\Sites\Aladdin\images\4flags.gif <-- aladdin-nuvox /www.aladdinshrine.org/images 4flags.gif
107.03.12 22:05 B C:\Sites\Aladdin\images\66-615005569.gif <-- aladdin-nuvox /www.aladdinshrine.org/images 66-615005569.gif
107.03.12 22:05 B C:\Sites\Aladdin\images\75thlogo.gif <-- aladdin-nuvox /www.aladdinshrine.org/images 75thlogo.gif
107.03.12 22:05 B C:\Sites\Aladdin\images\75thlogo2.gif <-- aladdin-nuvox /www.aladdinshrine.org/images 75thlogo2.gif
107.03.12 22:05 B C:\Sites\Aladdin\images\84-649437499.gif <-- aladdin-nuvox /www.aladdinshrine.org/images 84-649437499.gif
107.03.12 22:05 B C:\Sites\Aladdin\images\87-170979328.gif <-- aladdin-nuvox /www.aladdinshrine.org/images 87-170979328.gif
107.03.12 22:05 B C:\Sites\Aladdin\images\88-980415271.gif <-- aladdin-nuvox /www.aladdinshrine.org/images 88-980415271.gif
107.03.12 22:05 B C:\Sites\Aladdin\images\98slide.jpg <-- aladdin-nuvox /www.aladdinshrine.org/images 98slide.jpg
107.03.12 22:05 B C:\Sites\Aladdin\images\_blnk.gif <-- aladdin-nuvox /www.aladdinshrine.org/images _blnk.gif
107.03.12 22:05 B C:\Sites\Aladdin\images\aaonmvga.gif <-- aladdin-nuvox /www.aladdinshrine.org/images aaonmvga.gif
107.03.12 22:05 B C:\Sites\Aladdin\images\ACOMPASS.gif <-- aladdin-nuvox /www.aladdinshrine.org/images ACOMPASS.gif
107.03.12 22:05 B C:\Sites\Aladdin\images\advertis.gif <-- aladdin-nuvox /www.aladdinshrine.org/images advertis.gif
107.03.12 22:05 B C:\Sites\Aladdin\images\AG00285_.gif <-- aladdin-nuvox /www.aladdinshrine.org/images AG00285_.gif
107.03.12 22:05 B C:\Sites\Aladdin\images\AG00418_.gif <-- aladdin-nuvox /www.aladdinshrine.org/images AG00418_.gif
107.03.12 22:05 B C:\Sites\Aladdin\images\airplane.gif <-- aladdin-nuvox /www.aladdinshrine.org/images airplane.gif
107.03.12 22:05 B C:\Sites\Aladdin\images\aladdin.gif <-- aladdin-nuvox /www.aladdinshrine.org/images aladdin.gif
107.03.12 22:05 B C:\Sites\Aladdin\images\aladdin.jpg <-- aladdin-nuvox /www.aladdinshrine.org/images aladdin.jpg
107.03.12 22:05 B C:\Sites\Aladdin\images\aladdin1.gif <-- aladdin-nuvox /www.aladdinshrine.org/images aladdin1.gif
107.03.12 22:05 B C:\Sites\Aladdin\images\aladin_1.jpg <-- aladdin-nuvox /www.aladdinshrine.org/images aladin_1.jpg
107.03.12 22:05 B C:\Sites\Aladdin\images\Alahez.mid <-- aladdin-nuvox /www.aladdinshrine.org/images Alahez.mid
107.03.12 22:05 B C:\Sites\Aladdin\images\amazgrac.mid <-- aladdin-nuvox /www.aladdinshrine.org/images amazgrac.mid
107.03.12 22:05 B C:\Sites\Aladdin\images\ambfez.gif <-- aladdin-nuvox /www.aladdinshrine.org/images ambfez.gif
107.03.12 22:05 B C:\Sites\Aladdin\images\amerchar.gif <-- aladdin-nuvox /www.aladdinshrine.org/images amerchar.gif
107.03.12 22:05 B C:\Sites\Aladdin\images\anialaddin.gif <-- aladdin-nuvox /www.aladdinshrine.org/images anialaddin.gif
107.03.12 22:05 B C:\Sites\Aladdin\images\aniclown.gif <-- aladdin-nuvox /www.aladdinshrine.org/images aniclown.gif
107.03.12 22:05 B C:\Sites\Aladdin\images\ANIGHTS.mid <-- aladdin-nuvox /www.aladdinshrine.org/images ANIGHTS.mid
107.03.12 22:05 B C:\Sites\Aladdin\images\anihorse.gif <-- aladdin-nuvox /www.aladdinshrine.org/images anihorse.gif
107.03.12 22:05 B C:\Sites\Aladdin\images\antiqcar.gif <-- aladdin-nuvox /www.aladdinshrine.org/images antiqcar.gif
107.03.12 22:05 B C:\Sites\Aladdin\images\ar.gif <-- aladdin-nuvox /www.aladdinshrine.org/images ar.gif
107.03.12 22:05 B C:\Sites\Aladdin\images\ar.htm_cmp_missy110_hbtn_p.gif <-- aladdin-nuvox /www.aladdinshrine.org/images ar.htm_cmp_missy110_hbtn_p.gif
107.03.12 22:05 B C:\Sites\Aladdin\images\astrab4.jpg <-- aladdin-nuvox /www.aladdinshrine.org/images astrab4.jpg
107.03.12 22:05 B C:\Sites\Aladdin\images\athens.gif <-- aladdin-nuvox /www.aladdinshrine.org/images athens.gif
107.03.12 22:05 B C:\Sites\Aladdin\images\aud.gif <-- aladdin-nuvox /www.aladdinshrine.org/images aud.gif
107.03.12 22:05 B C:\Sites\Aladdin\images\aud2.gif <-- aladdin-nuvox /www.aladdinshrine.org/images aud2.gif
107.03.12 22:05 B C:\Sites\Aladdin\images\AudBanqtStyle.jpg <-- aladdin-nuvox /www.aladdinshrine.org/images AudBanqtStyle.jpg
107.03.12 22:05 B C:\Sites\Aladdin\images\AudBanqtThumb.gif <-- aladdin-nuvox /www.aladdinshrine.org/images AudBanqtThumb.gif
107.03.12 22:05 B C:\Sites\Aladdin\images\AudCloseBanqtStyle.jpg <-- aladdin-nuvox /www.aladdinshrine.org/images AudCloseBanqtStyle.jpg
107.03.12 22:06 B C:\Sites\Aladdin\images\AudCloseBanqtThumb.gif <-- aladdin-nuvox /www.aladdinshrine.org/images AudCloseBanqtThumb.gif
107.03.12 22:06 B C:\Sites\Aladdin\images\audio.gif <-- aladdin-nuvox /www.aladdinshrine.org/images audio.gif
107.03.12 22:06 B C:\Sites\Aladdin\images\AudTheaterStyle.jpg <-- aladdin-nuvox /www.aladdinshrine.org/images AudTheaterStyle.jpg
107.03.12 22:06 B C:\Sites\Aladdin\images\AudTheaterThumb.gif <-- aladdin-nuvox /www.aladdinshrine.org/images AudTheaterThumb.gif
107.03.12 22:06 B C:\Sites\Aladdin\images\awards.gif <-- aladdin-nuvox /www.aladdinshrine.org/images awards.gif
107.03.12 22:06 B C:\Sites\Aladdin\images\background2001g.gif <-- aladdin-nuvox /www.aladdinshrine.org/images background2001g.gif
107.03.12 22:06 B C:\Sites\Aladdin\images\bagpipes.gif <-- aladdin-nuvox /www.aladdinshrine.org/images bagpipes.gif
107.03.12 22:06 B C:\Sites\Aladdin\images\balance7.jpg <-- aladdin-nuvox /www.aladdinshrine.org/images balance7.jpg
107.03.12 22:06 B C:\Sites\Aladdin\images\baldwin.gif <-- aladdin-nuvox /www.aladdinshrine.org/images baldwin.gif
107.03.12 22:06 B C:\Sites\Aladdin\images\ballroom.jpg <-- aladdin-nuvox /www.aladdinshrine.org/images ballroom.jpg
107.03.12 22:06 B C:\Sites\Aladdin\images\band.gif <-- aladdin-nuvox /www.aladdinshrine.org/images band.gif
107.03.12 22:06 B C:\Sites\Aladdin\images\band.h1.jpg <-- aladdin-nuvox /www.aladdinshrine.org/images band.h1.jpg
107.03.12 22:06 B C:\Sites\Aladdin\images\banner.jpg <-- aladdin-nuvox /www.aladdinshrine.org/images banner.jpg
107.03.12 22:06 B C:\Sites\Aladdin\images\bat.gif <-- aladdin-nuvox /www.aladdinshrine.org/images bat.gif
107.03.12 22:06 B C:\Sites\Aladdin\images\BB.jpg <-- aladdin-nuvox /www.aladdinshrine.org/images BB.jpg
107.03.12 22:06 B C:\Sites\Aladdin\images\BBsmall.jpg <-- aladdin-nuvox /www.aladdinshrine.org/images BBsmall.jpg
107.03.12 22:06 B C:\Sites\Aladdin\images\bd00386_.gif <-- aladdin-nuvox /www.aladdinshrine.org/images bd00386_.gif
107.03.12 22:06 B C:\Sites\Aladdin\images\bd10252_.gif <-- aladdin-nuvox /www.aladdinshrine.org/images bd10252_.gif
107.03.12 22:06 B C:\Sites\Aladdin\images\bd10284_.gif <-- aladdin-nuvox /www.aladdinshrine.org/images bd10284_.gif
107.03.12 22:06 B C:\Sites\Aladdin\images\bd10295_.gif <-- aladdin-nuvox /www.aladdinshrine.org/images bd10295_.gif
107.03.12 22:06 B C:\Sites\Aladdin\images\bd10296_.gif <-- aladdin-nuvox /www.aladdinshrine.org/images bd10296_.gif
107.03.12 22:06 B C:\Sites\Aladdin\images\bd10314_.gif <-- aladdin-nuvox /www.aladdinshrine.org/images bd10314_.gif
107.03.12 22:06 B C:\Sites\Aladdin\images\bd10334_.gif <-- aladdin-nuvox /www.aladdinshrine.org/images bd10334_.gif
107.03.12 22:06 B C:\Sites\Aladdin\images\bd14526_.gif <-- aladdin-nuvox /www.aladdinshrine.org/images bd14526_.gif
107.03.12 22:06 B C:\Sites\Aladdin\images\bd14559_.jpg <-- aladdin-nuvox /www.aladdinshrine.org/images bd14559_.jpg
107.03.12 22:06 B C:\Sites\Aladdin\images\bd14615_.gif <-- aladdin-nuvox /www.aladdinshrine.org/images bd14615_.gif
107.03.12 22:06 B C:\Sites\Aladdin\images\bd14826_.gif <-- aladdin-nuvox /www.aladdinshrine.org/images bd14826_.gif
107.03.12 22:06 B C:\Sites\Aladdin\images\bd14941_.gif <-- aladdin-nuvox /www.aladdinshrine.org/images bd14941_.gif
107.03.12 22:06 B C:\Sites\Aladdin\images\bd14968_.jpg <-- aladdin-nuvox /www.aladdinshrine.org/images bd14968_.jpg
107.03.12 22:06 B C:\Sites\Aladdin\images\bd14978_.gif <-- aladdin-nuvox /www.aladdinshrine.org/images bd14978_.gif
107.03.12 22:06 B C:\Sites\Aladdin\images\bd14978_1.gif <-- aladdin-nuvox /www.aladdinshrine.org/images bd14978_1.gif
107.03.12 22:06 B C:\Sites\Aladdin\images\bd15016_.gif <-- aladdin-nuvox /www.aladdinshrine.org/images bd15016_.gif
107.03.12 22:06 B C:\Sites\Aladdin\images\bd20654_.gif <-- aladdin-nuvox /www.aladdinshrine.org/images bd20654_.gif
107.03.12 22:06 B C:\Sites\Aladdin\images\bd20657_.gif <-- aladdin-nuvox /www.aladdinshrine.org/images bd20657_.gif
107.03.12 22:06 B C:\Sites\Aladdin\images\bd21321_.gif <-- aladdin-nuvox /www.aladdinshrine.org/images bd21321_.gif
107.03.12 22:06 B C:\Sites\Aladdin\images\bd21397_.gif <-- aladdin-nuvox /www.aladdinshrine.org/images bd21397_.gif
107.03.12 22:06 B C:\Sites\Aladdin\images\bd21397_1.gif <-- aladdin-nuvox /www.aladdinshrine.org/images bd21397_1.gif
107.03.12 22:06 B C:\Sites\Aladdin\images\belpre.gif <-- aladdin-nuvox /www.aladdinshrine.org/images belpre.gif
107.03.12 22:06 B C:\Sites\Aladdin\images\bldgfrnt.jpg <-- aladdin-nuvox /www.aladdinshrine.org/images bldgfrnt.jpg
107.03.12 22:06 B C:\Sites\Aladdin\images\BldgFrntThumb.gif <-- aladdin-nuvox /www.aladdinshrine.org/images BldgFrntThumb.gif
107.03.12 22:06 B C:\Sites\Aladdin\images\BldgSide.JPG <-- aladdin-nuvox /www.aladdinshrine.org/images BldgSide.JPG
107.03.12 22:06 B C:\Sites\Aladdin\images\BldgSide2.jpg <-- aladdin-nuvox /www.aladdinshrine.org/images BldgSide2.jpg
107.03.12 22:06 B C:\Sites\Aladdin\images\BldgSideThumb.gif <-- aladdin-nuvox /www.aladdinshrine.org/images BldgSideThumb.gif
107.03.12 22:06 B C:\Sites\Aladdin\images\BldgStelzerThumb.gif <-- aladdin-nuvox /www.aladdinshrine.org/images BldgStelzerThumb.gif
107.03.12 22:06 B C:\Sites\Aladdin\images\bluejack.jpg <-- aladdin-nuvox /www.aladdinshrine.org/images bluejack.jpg
107.03.12 22:06 B C:\Sites\Aladdin\images\bluejackets.jpg <-- aladdin-nuvox /www.aladdinshrine.org/images bluejackets.jpg
107.03.12 22:06 B C:\Sites\Aladdin\images\bracewell.jpeg <-- aladdin-nuvox /www.aladdinshrine.org/images bracewell.jpeg
107.03.12 22:06 B C:\Sites\Aladdin\images\bridges.jpg <-- aladdin-nuvox /www.aladdinshrine.org/images bridges.jpg
107.03.12 22:06 B C:\Sites\Aladdin\images\buckeyerr.jpg <-- aladdin-nuvox /www.aladdinshrine.org/images buckeyerr.jpg
107.03.12 22:06 B C:\Sites\Aladdin\images\bugle.gif <-- aladdin-nuvox /www.aladdinshrine.org/images bugle.gif
107.03.12 22:06 B C:\Sites\Aladdin\images\Building.jpg <-- aladdin-nuvox /www.aladdinshrine.org/images Building.jpg
107.03.12 22:06 B C:\Sites\Aladdin\images\bus.gif <-- aladdin-nuvox /www.aladdinshrine.org/images bus.gif
107.03.12 22:06 B C:\Sites\Aladdin\images\busmgr.jpg <-- aladdin-nuvox /www.aladdinshrine.org/images busmgr.jpg
107.03.12 22:06 B C:\Sites\Aladdin\images\BWt1.jpg <-- aladdin-nuvox /www.aladdinshrine.org/images BWt1.jpg
107.03.12 22:06 B C:\Sites\Aladdin\images\bylaws.gif <-- aladdin-nuvox /www.aladdinshrine.org/images bylaws.gif
107.03.12 22:06 B C:\Sites\Aladdin\images\cabiri.gif <-- aladdin-nuvox /www.aladdinshrine.org/images cabiri.gif
107.03.12 22:06 B C:\Sites\Aladdin\images\calendar.gif <-- aladdin-nuvox /www.aladdinshrine.org/images calendar.gif
107.03.12 22:06 B C:\Sites\Aladdin\images\calendar_button.gif <-- aladdin-nuvox /www.aladdinshrine.org/images calendar_button.gif
107.03.12 22:06 B C:\Sites\Aladdin\images\camp.gif <-- aladdin-nuvox /www.aladdinshrine.org/images camp.gif
107.03.12 22:06 B C:\Sites\Aladdin\images\capogr5.gif <-- aladdin-nuvox /www.aladdinshrine.org/images capogr5.gif
107.03.12 22:06 B C:\Sites\Aladdin\images\capogr7.jpg <-- aladdin-nuvox /www.aladdinshrine.org/images capogr7.jpg
107.03.12 22:06 B C:\Sites\Aladdin\images\catering.gif <-- aladdin-nuvox /www.aladdinshrine.org/images catering.gif
107.03.12 22:06 B C:\Sites\Aladdin\images\cateringb.gif <-- aladdin-nuvox /www.aladdinshrine.org/images cateringb.gif
107.03.12 22:06 B C:\Sites\Aladdin\images\ccvblogo.gif <-- aladdin-nuvox /www.aladdinshrine.org/images ccvblogo.gif
107.03.12 22:06 B C:\Sites\Aladdin\images\celebrate3.JPG <-- aladdin-nuvox /www.aladdinshrine.org/images celebrate3.JPG
107.03.12 22:06 B C:\Sites\Aladdin\images\celebrate4.gif <-- aladdin-nuvox /www.aladdinshrine.org/images celebrate4.gif
107.03.12 22:06 B C:\Sites\Aladdin\images\celebrate7.gif <-- aladdin-nuvox /www.aladdinshrine.org/images celebrate7.gif
107.03.12 22:06 B C:\Sites\Aladdin\images\chante1.jpg <-- aladdin-nuvox /www.aladdinshrine.org/images chante1.jpg
107.03.12 22:06 B C:\Sites\Aladdin\images\chanters.gif <-- aladdin-nuvox /www.aladdinshrine.org/images chanters.gif
107.03.12 22:06 B C:\Sites\Aladdin\images\chanters.jpg <-- aladdin-nuvox /www.aladdinshrine.org/images chanters.jpg
107.03.12 22:06 B C:\Sites\Aladdin\images\chanters[1].jpg <-- aladdin-nuvox /www.aladdinshrine.org/images chanters[1].jpg
107.03.12 22:06 B C:\Sites\Aladdin\images\chaplain.gif <-- aladdin-nuvox /www.aladdinshrine.org/images chaplain.gif
107.03.12 22:06 B C:\Sites\Aladdin\images\charities1-00.gif <-- aladdin-nuvox /www.aladdinshrine.org/images charities1-00.gif
107.03.12 22:06 B C:\Sites\Aladdin\images\chfrab.jpg <-- aladdin-nuvox /www.aladdinshrine.org/images chfrab.jpg
107.03.12 22:06 B C:\Sites\Aladdin\images\chfrab2.jpg <-- aladdin-nuvox /www.aladdinshrine.org/images chfrab2.jpg
107.03.12 22:06 B C:\Sites\Aladdin\images\chfrab3.jpg <-- aladdin-nuvox /www.aladdinshrine.org/images chfrab3.jpg
107.03.12 22:06 B C:\Sites\Aladdin\images\children.gif <-- aladdin-nuvox /www.aladdinshrine.org/images children.gif
107.03.12 22:06 B C:\Sites\Aladdin\images\cinburn.jpg <-- aladdin-nuvox /www.aladdinshrine.org/images cinburn.jpg
107.03.12 22:06 B C:\Sites\Aladdin\images\circus1.gif <-- aladdin-nuvox /www.aladdinshrine.org/images circus1.gif
107.03.12 22:07 B C:\Sites\Aladdin\images\circus1.jpg <-- aladdin-nuvox /www.aladdinshrine.org/images circus1.jpg
107.03.12 22:07 B C:\Sites\Aladdin\images\circus2.jpg <-- aladdin-nuvox /www.aladdinshrine.org/images circus2.jpg
107.03.12 22:07 B C:\Sites\Aladdin\images\circus4.gif <-- aladdin-nuvox /www.aladdinshrine.org/images circus4.gif
107.03.12 22:07 B C:\Sites\Aladdin\images\circus5.gif <-- aladdin-nuvox /www.aladdinshrine.org/images circus5.gif
107.03.12 22:07 B C:\Sites\Aladdin\images\circuslogo.gif <-- aladdin-nuvox /www.aladdinshrine.org/images circuslogo.gif
107.03.12 22:07 B C:\Sites\Aladdin\images\circuspage.gif <-- aladdin-nuvox /www.aladdinshrine.org/images circuspage.gif
107.03.12 22:07 B C:\Sites\Aladdin\images\circustent.gif <-- aladdin-nuvox /www.aladdinshrine.org/images circustent.gif
107.03.12 22:07 B C:\Sites\Aladdin\images\circustentcolor.gif <-- aladdin-nuvox /www.aladdinshrine.org/images circustentcolor.gif
107.03.12 22:07 B C:\Sites\Aladdin\images\circustentcolor.jpg <-- aladdin-nuvox /www.aladdinshrine.org/images circustentcolor.jpg
107.03.12 22:07 B C:\Sites\Aladdin\images\claypool.jpeg <-- aladdin-nuvox /www.aladdinshrine.org/images claypool.jpeg
107.03.12 22:07 B C:\Sites\Aladdin\images\clevenger.gif <-- aladdin-nuvox /www.aladdinshrine.org/images clevenger.gif
107.03.12 22:07 B C:\Sites\Aladdin\images\clevenger2.jpg <-- aladdin-nuvox /www.aladdinshrine.org/images clevenger2.jpg
107.03.12 22:07 B C:\Sites\Aladdin\images\Clown.gif <-- aladdin-nuvox /www.aladdinshrine.org/images Clown.gif
107.03.12 22:07 B C:\Sites\Aladdin\images\clowna.gif <-- aladdin-nuvox /www.aladdinshrine.org/images clowna.gif
107.03.12 22:07 B C:\Sites\Aladdin\images\clownb.gif <-- aladdin-nuvox /www.aladdinshrine.org/images clownb.gif
107.03.12 22:07 B C:\Sites\Aladdin\images\clownc.gif <-- aladdin-nuvox /www.aladdinshrine.org/images clownc.gif
107.03.12 22:07 B C:\Sites\Aladdin\images\clownd.gif <-- aladdin-nuvox /www.aladdinshrine.org/images clownd.gif
107.03.12 22:07 B C:\Sites\Aladdin\images\clowne.gif <-- aladdin-nuvox /www.aladdinshrine.org/images clowne.gif
107.03.12 22:07 B C:\Sites\Aladdin\images\clownf.gif <-- aladdin-nuvox /www.aladdinshrine.org/images clownf.gif
107.03.12 22:07 B C:\Sites\Aladdin\images\clwnblns.gif <-- aladdin-nuvox /www.aladdinshrine.org/images clwnblns.gif
107.03.12 22:07 B C:\Sites\Aladdin\images\cojfec1.jpg <-- aladdin-nuvox /www.aladdinshrine.org/images cojfec1.jpg
107.03.12 22:07 B C:\Sites\Aladdin\images\colburn.gif <-- aladdin-nuvox /www.aladdinshrine.org/images colburn.gif
107.03.12 22:07 B C:\Sites\Aladdin\images\colburn.jpg <-- aladdin-nuvox /www.aladdinshrine.org/images colburn.jpg
107.03.12 22:07 B C:\Sites\Aladdin\images\columb1.gif <-- aladdin-nuvox /www.aladdinshrine.org/images columb1.gif
107.03.12 22:07 B C:\Sites\Aladdin\images\columbuspix.gif <-- aladdin-nuvox /www.aladdinshrine.org/images columbuspix.gif
107.03.12 22:07 B C:\Sites\Aladdin\images\comingsoon.gif <-- aladdin-nuvox /www.aladdinshrine.org/images comingsoon.gif
107.03.12 22:07 B C:\Sites\Aladdin\images\creditanismall.gif <-- aladdin-nuvox /www.aladdinshrine.org/images creditanismall.gif
107.03.12 22:07 B C:\Sites\Aladdin\images\cruise2.jpg <-- aladdin-nuvox /www.aladdinshrine.org/images cruise2.jpg
107.03.12 22:07 B C:\Sites\Aladdin\images\crusade1.jpg <-- aladdin-nuvox /www.aladdinshrine.org/images crusade1.jpg
107.03.12 22:07 B C:\Sites\Aladdin\images\cut.gif <-- aladdin-nuvox /www.aladdinshrine.org/images cut.gif
107.03.12 22:07 B C:\Sites\Aladdin\images\dance.gif <-- aladdin-nuvox /www.aladdinshrine.org/images dance.gif
107.03.12 22:07 B C:\Sites\Aladdin\images\dance2.gif <-- aladdin-nuvox /www.aladdinshrine.org/images dance2.gif
107.03.12 22:07 B C:\Sites\Aladdin\images\dawes.jpg <-- aladdin-nuvox /www.aladdinshrine.org/images dawes.jpg
107.03.12 22:07 B C:\Sites\Aladdin\images\dd01327_.gif <-- aladdin-nuvox /www.aladdinshrine.org/images dd01327_.gif
107.03.12 22:07 B C:\Sites\Aladdin\images\delaware.gif <-- aladdin-nuvox /www.aladdinshrine.org/images delaware.gif
107.03.12 22:07 B C:\Sites\Aladdin\images\dessert.jpg <-- aladdin-nuvox /www.aladdinshrine.org/images dessert.jpg
107.03.12 22:07 B C:\Sites\Aladdin\images\div_red.gif <-- aladdin-nuvox /www.aladdinshrine.org/images div_red.gif
107.03.12 22:07 B C:\Sites\Aladdin\images\divan00.gif <-- aladdin-nuvox /www.aladdinshrine.org/images divan00.gif
107.03.12 22:07 B C:\Sites\Aladdin\images\dixieland.gif <-- aladdin-nuvox /www.aladdinshrine.org/images dixieland.gif
107.03.12 22:07 B C:\Sites\Aladdin\images\dixlan1.jpg <-- aladdin-nuvox /www.aladdinshrine.org/images dixlan1.jpg
107.03.12 22:07 B C:\Sites\Aladdin\images\doll.gif <-- aladdin-nuvox /www.aladdinshrine.org/images doll.gif
107.03.12 22:07 B C:\Sites\Aladdin\images\donot.gif <-- aladdin-nuvox /www.aladdinshrine.org/images donot.gif
107.03.12 22:07 B C:\Sites\Aladdin\images\drum.gif <-- aladdin-nuvox /www.aladdinshrine.org/images drum.gif
107.03.12 22:07 B C:\Sites\Aladdin\images\drum2.gif <-- aladdin-nuvox /www.aladdinshrine.org/images drum2.gif
107.03.12 22:07 B C:\Sites\Aladdin\images\dues.gif <-- aladdin-nuvox /www.aladdinshrine.org/images dues.gif
107.03.12 22:07 B C:\Sites\Aladdin\images\dunwoody.jpeg <-- aladdin-nuvox /www.aladdinshrine.org/images dunwoody.jpeg
107.03.12 22:07 B C:\Sites\Aladdin\images\EggerlingBlade.jpg <-- aladdin-nuvox /www.aladdinshrine.org/images EggerlingBlade.jpg
107.03.12 22:07 B C:\Sites\Aladdin\images\ErieHosp.jpg <-- aladdin-nuvox /www.aladdinshrine.org/images ErieHosp.jpg
107.03.12 22:07 B C:\Sites\Aladdin\images\Esparza.gif <-- aladdin-nuvox /www.aladdinshrine.org/images Esparza.gif
107.03.12 22:07 B C:\Sites\Aladdin\images\esparza2.jpg <-- aladdin-nuvox /www.aladdinshrine.org/images esparza2.jpg
107.03.12 22:07 B C:\Sites\Aladdin\images\Esparza_Emblem_Colored-2.gif <-- aladdin-nuvox /www.aladdinshrine.org/images Esparza_Emblem_Colored-2.gif
107.03.12 22:07 B C:\Sites\Aladdin\images\Esparza_Emblem_Colored-2a.gif <-- aladdin-nuvox /www.aladdinshrine.org/images Esparza_Emblem_Colored-2a.gif
107.03.12 22:07 B C:\Sites\Aladdin\images\Esparza_Emblem_Colored-2b.gif <-- aladdin-nuvox /www.aladdinshrine.org/images Esparza_Emblem_Colored-2b.gif
107.03.12 22:07 B C:\Sites\Aladdin\images\Esparza_Emblem_Colored-3.gif <-- aladdin-nuvox /www.aladdinshrine.org/images Esparza_Emblem_Colored-3.gif
107.03.12 22:07 B C:\Sites\Aladdin\images\Esparza_Emblem_Colored-4.gif <-- aladdin-nuvox /www.aladdinshrine.org/images Esparza_Emblem_Colored-4.gif
107.03.12 22:07 B C:\Sites\Aladdin\images\Esparza_Emblem_Colored-5.gif <-- aladdin-nuvox /www.aladdinshrine.org/images Esparza_Emblem_Colored-5.gif
107.03.12 22:07 B C:\Sites\Aladdin\images\Esparza_Emblem_Colored-6.gif <-- aladdin-nuvox /www.aladdinshrine.org/images Esparza_Emblem_Colored-6.gif
107.03.12 22:07 B C:\Sites\Aladdin\images\Esparza_Emblem_Colored.gif <-- aladdin-nuvox /www.aladdinshrine.org/images Esparza_Emblem_Colored.gif
107.03.12 22:07 B C:\Sites\Aladdin\images\estateplan.gif <-- aladdin-nuvox /www.aladdinshrine.org/images estateplan.gif
107.03.12 22:07 B C:\Sites\Aladdin\images\ets.gif <-- aladdin-nuvox /www.aladdinshrine.org/images ets.gif
107.03.12 22:07 B C:\Sites\Aladdin\images\events_button.gif <-- aladdin-nuvox /www.aladdinshrine.org/images events_button.gif
107.03.12 22:07 B C:\Sites\Aladdin\images\facts.gif <-- aladdin-nuvox /www.aladdinshrine.org/images facts.gif
107.03.12 22:07 B C:\Sites\Aladdin\images\factsn1.jpg <-- aladdin-nuvox /www.aladdinshrine.org/images factsn1.jpg
107.03.12 22:07 B C:\Sites\Aladdin\images\factsn2.jpg <-- aladdin-nuvox /www.aladdinshrine.org/images factsn2.jpg
107.03.12 22:07 B C:\Sites\Aladdin\images\FASHION1.gif <-- aladdin-nuvox /www.aladdinshrine.org/images FASHION1.gif
107.03.12 22:07 B C:\Sites\Aladdin\images\FASHION3.gif <-- aladdin-nuvox /www.aladdinshrine.org/images FASHION3.gif
107.03.12 22:07 B C:\Sites\Aladdin\images\FedSigYelp.wav <-- aladdin-nuvox /www.aladdinshrine.org/images FedSigYelp.wav
107.03.12 22:07 B C:\Sites\Aladdin\images\fez.gif <-- aladdin-nuvox /www.aladdinshrine.org/images fez.gif
107.03.12 22:07 B C:\Sites\Aladdin\images\fezcrutchsteth.gif <-- aladdin-nuvox /www.aladdinshrine.org/images fezcrutchsteth.gif
107.03.12 22:07 B C:\Sites\Aladdin\images\fezfade.jpg <-- aladdin-nuvox /www.aladdinshrine.org/images fezfade.jpg
107.03.12 22:07 B C:\Sites\Aladdin\images\firework5.gif <-- aladdin-nuvox /www.aladdinshrine.org/images firework5.gif
107.03.12 22:07 B C:\Sites\Aladdin\images\firework6.gif <-- aladdin-nuvox /www.aladdinshrine.org/images firework6.gif
107.03.12 22:07 B C:\Sites\Aladdin\images\FireworkBlue.gif <-- aladdin-nuvox /www.aladdinshrine.org/images FireworkBlue.gif
107.03.12 22:07 B C:\Sites\Aladdin\images\FireworkGreen.gif <-- aladdin-nuvox /www.aladdinshrine.org/images FireworkGreen.gif
107.03.12 22:07 B C:\Sites\Aladdin\images\fishingpole.gif <-- aladdin-nuvox /www.aladdinshrine.org/images fishingpole.gif
107.03.12 22:08 B C:\Sites\Aladdin\images\flag.gif <-- aladdin-nuvox /www.aladdinshrine.org/images flag.gif
107.03.12 22:08 B C:\Sites\Aladdin\images\flamejuggling.jpg <-- aladdin-nuvox /www.aladdinshrine.org/images flamejuggling.jpg
107.03.12 22:08 B C:\Sites\Aladdin\images\fleming.jpg <-- aladdin-nuvox /www.aladdinshrine.org/images fleming.jpg
107.03.12 22:08 B C:\Sites\Aladdin\images\florence.jpg <-- aladdin-nuvox /www.aladdinshrine.org/images florence.jpg
107.03.12 22:08 B C:\Sites\Aladdin\images\flycarpt.gif <-- aladdin-nuvox /www.aladdinshrine.org/images flycarpt.gif
107.03.12 22:08 B C:\Sites\Aladdin\images\flyingeagles.jpg <-- aladdin-nuvox /www.aladdinshrine.org/images flyingeagles.jpg
107.03.12 22:08 B C:\Sites\Aladdin\images\flysaucer.gif <-- aladdin-nuvox /www.aladdinshrine.org/images flysaucer.gif
107.03.12 22:08 B C:\Sites\Aladdin\images\football.gif <-- aladdin-nuvox /www.aladdinshrine.org/images football.gif
107.03.12 22:08 B C:\Sites\Aladdin\images\football_spinning_on_field_md_clr_11822.gif <-- aladdin-nuvox /www.aladdinshrine.org/images football_spinning_on_field_md_clr_11822.gif
107.03.12 22:08 B C:\Sites\Aladdin\images\fp2000.gif <-- aladdin-nuvox /www.aladdinshrine.org/images fp2000.gif
107.03.12 22:08 B C:\Sites\Aladdin\images\frevel.jpeg <-- aladdin-nuvox /www.aladdinshrine.org/images frevel.jpeg
107.03.12 22:08 B C:\Sites\Aladdin\images\ftbpicture.gif <-- aladdin-nuvox /www.aladdinshrine.org/images ftbpicture.gif
107.03.12 22:08 B C:\Sites\Aladdin\images\ftbpicture.jpg <-- aladdin-nuvox /www.aladdinshrine.org/images ftbpicture.jpg
107.03.12 22:08 B C:\Sites\Aladdin\images\Full_Tilt_Boogie.jpg <-- aladdin-nuvox /www.aladdinshrine.org/images Full_Tilt_Boogie.jpg
107.03.12 22:08 B C:\Sites\Aladdin\images\fundraising.gif <-- aladdin-nuvox /www.aladdinshrine.org/images fundraising.gif
107.03.12 22:08 B C:\Sites\Aladdin\images\genie.gif <-- aladdin-nuvox /www.aladdinshrine.org/images genie.gif
107.03.12 22:08 B C:\Sites\Aladdin\images\Genielmp.gif <-- aladdin-nuvox /www.aladdinshrine.org/images Genielmp.gif
107.03.12 22:08 B C:\Sites\Aladdin\images\george_gif.gif <-- aladdin-nuvox /www.aladdinshrine.org/images george_gif.gif
107.03.12 22:08 B C:\Sites\Aladdin\images\george_small.gif <-- aladdin-nuvox /www.aladdinshrine.org/images george_small.gif
107.03.12 22:08 B C:\Sites\Aladdin\images\getacro.gif <-- aladdin-nuvox /www.aladdinshrine.org/images getacro.gif
107.03.12 22:08 B C:\Sites\Aladdin\images\ghost.gif <-- aladdin-nuvox /www.aladdinshrine.org/images ghost.gif
107.03.12 22:08 B C:\Sites\Aladdin\images\gobucks.gif <-- aladdin-nuvox /www.aladdinshrine.org/images gobucks.gif
107.03.12 22:08 B C:\Sites\Aladdin\images\golfball.jpg <-- aladdin-nuvox /www.aladdinshrine.org/images golfball.jpg
107.03.12 22:08 B C:\Sites\Aladdin\images\goodman.gif <-- aladdin-nuvox /www.aladdinshrine.org/images goodman.gif
107.03.12 22:08 B C:\Sites\Aladdin\images\grotdent.jpg <-- aladdin-nuvox /www.aladdinshrine.org/images grotdent.jpg
107.03.12 22:08 B C:\Sites\Aladdin\images\gwatson.jpg <-- aladdin-nuvox /www.aladdinshrine.org/images gwatson.jpg
107.03.12 22:08 B C:\Sites\Aladdin\images\harves1.gif <-- aladdin-nuvox /www.aladdinshrine.org/images harves1.gif
107.03.12 22:08 B C:\Sites\Aladdin\images\harves2.gif <-- aladdin-nuvox /www.aladdinshrine.org/images harves2.gif
107.03.12 22:08 B C:\Sites\Aladdin\images\heart.gif <-- aladdin-nuvox /www.aladdinshrine.org/images heart.gif
107.03.12 22:08 B C:\Sites\Aladdin\images\heart2.gif <-- aladdin-nuvox /www.aladdinshrine.org/images heart2.gif
107.03.12 22:08 B C:\Sites\Aladdin\images\Hobie.gif <-- aladdin-nuvox /www.aladdinshrine.org/images Hobie.gif
107.03.12 22:08 B C:\Sites\Aladdin\images\holly1.gif <-- aladdin-nuvox /www.aladdinshrine.org/images holly1.gif
107.03.12 22:08 B C:\Sites\Aladdin\images\hollydunn.jpg <-- aladdin-nuvox /www.aladdinshrine.org/images hollydunn.jpg
107.03.12 22:08 B C:\Sites\Aladdin\images\hosplocations3.gif <-- aladdin-nuvox /www.aladdinshrine.org/images hosplocations3.gif
107.03.12 22:08 B C:\Sites\Aladdin\images\hosptlty.gif <-- aladdin-nuvox /www.aladdinshrine.org/images hosptlty.gif
107.03.12 22:08 B C:\Sites\Aladdin\images\hpp.ht5.jpg <-- aladdin-nuvox /www.aladdinshrine.org/images hpp.ht5.jpg
107.03.12 22:08 B C:\Sites\Aladdin\images\hsptlt1.jpg <-- aladdin-nuvox /www.aladdinshrine.org/images hsptlt1.jpg
107.03.12 22:08 B C:\Sites\Aladdin\images\ic_splash_02.jpg <-- aladdin-nuvox /www.aladdinshrine.org/images ic_splash_02.jpg
107.03.12 22:08 B C:\Sites\Aladdin\images\icoshrin.gif <-- aladdin-nuvox /www.aladdinshrine.org/images icoshrin.gif
107.03.12 22:08 B C:\Sites\Aladdin\images\image001.png <-- aladdin-nuvox /www.aladdinshrine.org/images image001.png
107.03.12 22:08 B C:\Sites\Aladdin\images\image002.gif <-- aladdin-nuvox /www.aladdinshrine.org/images image002.gif
107.03.12 22:08 B C:\Sites\Aladdin\images\image003.png <-- aladdin-nuvox /www.aladdinshrine.org/images image003.png
107.03.12 22:08 B C:\Sites\Aladdin\images\image004.gif <-- aladdin-nuvox /www.aladdinshrine.org/images image004.gif
107.03.12 22:08 B C:\Sites\Aladdin\images\image005.png <-- aladdin-nuvox /www.aladdinshrine.org/images image005.png
107.03.12 22:08 B C:\Sites\Aladdin\images\image006.gif <-- aladdin-nuvox /www.aladdinshrine.org/images image006.gif
107.03.12 22:08 B C:\Sites\Aladdin\images\image007.png <-- aladdin-nuvox /www.aladdinshrine.org/images image007.png
107.03.12 22:08 B C:\Sites\Aladdin\images\image008.gif <-- aladdin-nuvox /www.aladdinshrine.org/images image008.gif
107.03.12 22:08 B C:\Sites\Aladdin\images\image009.png <-- aladdin-nuvox /www.aladdinshrine.org/images image009.png
107.03.12 22:08 B C:\Sites\Aladdin\images\image010.gif <-- aladdin-nuvox /www.aladdinshrine.org/images image010.gif
107.03.12 22:08 B C:\Sites\Aladdin\images\img0.gif <-- aladdin-nuvox /www.aladdinshrine.org/images img0.gif
107.03.12 22:08 B C:\Sites\Aladdin\images\img151.jpg <-- aladdin-nuvox /www.aladdinshrine.org/images img151.jpg
107.03.12 22:08 B C:\Sites\Aladdin\images\img43d.gif <-- aladdin-nuvox /www.aladdinshrine.org/images img43d.gif
107.03.12 22:08 B C:\Sites\Aladdin\images\Irv.gif <-- aladdin-nuvox /www.aladdinshrine.org/images Irv.gif
107.03.12 22:08 B C:\Sites\Aladdin\images\iwayicon.gif <-- aladdin-nuvox /www.aladdinshrine.org/images iwayicon.gif
107.03.12 22:08 B C:\Sites\Aladdin\images\j0149615.gif <-- aladdin-nuvox /www.aladdinshrine.org/images j0149615.gif
107.03.12 22:08 B C:\Sites\Aladdin\images\j0158057.gif <-- aladdin-nuvox /www.aladdinshrine.org/images j0158057.gif
107.03.12 22:08 B C:\Sites\Aladdin\images\j0177761.jpg <-- aladdin-nuvox /www.aladdinshrine.org/images j0177761.jpg
107.03.12 22:08 B C:\Sites\Aladdin\images\jeep.jpg <-- aladdin-nuvox /www.aladdinshrine.org/images jeep.jpg
107.03.12 22:08 B C:\Sites\Aladdin\images\join.gif <-- aladdin-nuvox /www.aladdinshrine.org/images join.gif
107.03.12 22:08 B C:\Sites\Aladdin\images\jones.jpeg <-- aladdin-nuvox /www.aladdinshrine.org/images jones.jpeg
107.03.12 22:08 B C:\Sites\Aladdin\images\kentucky.jpg <-- aladdin-nuvox /www.aladdinshrine.org/images kentucky.jpg
107.03.12 22:08 B C:\Sites\Aladdin\images\knoles.jpg <-- aladdin-nuvox /www.aladdinshrine.org/images knoles.jpg
107.03.12 22:08 B C:\Sites\Aladdin\images\knoleshsejpg.jpg <-- aladdin-nuvox /www.aladdinshrine.org/images knoleshsejpg.jpg
107.03.12 22:08 B C:\Sites\Aladdin\images\knolesin.jpg <-- aladdin-nuvox /www.aladdinshrine.org/images knolesin.jpg
107.03.12 22:09 B C:\Sites\Aladdin\images\komiben.mid <-- aladdin-nuvox /www.aladdinshrine.org/images komiben.mid
107.03.12 22:09 B C:\Sites\Aladdin\images\kosbab.gif <-- aladdin-nuvox /www.aladdinshrine.org/images kosbab.gif
107.03.12 22:09 B C:\Sites\Aladdin\images\kosbab2.jpg <-- aladdin-nuvox /www.aladdinshrine.org/images kosbab2.jpg
107.03.12 22:09 B C:\Sites\Aladdin\images\kteye.gif <-- aladdin-nuvox /www.aladdinshrine.org/images kteye.gif
107.03.12 22:09 B C:\Sites\Aladdin\images\lamp.jpg <-- aladdin-nuvox /www.aladdinshrine.org/images lamp.jpg
107.03.12 22:09 B C:\Sites\Aladdin\images\Lamp2.gif <-- aladdin-nuvox /www.aladdinshrine.org/images Lamp2.gif
107.03.12 22:09 B C:\Sites\Aladdin\images\Lexingtn.jpg <-- aladdin-nuvox /www.aladdinshrine.org/images Lexingtn.jpg
107.03.12 22:09 B C:\Sites\Aladdin\images\line_d1.gif <-- aladdin-nuvox /www.aladdinshrine.org/images line_d1.gif
107.03.12 22:09 B C:\Sites\Aladdin\images\liveinconcert.jpg <-- aladdin-nuvox /www.aladdinshrine.org/images liveinconcert.jpg
107.03.12 22:09 B C:\Sites\Aladdin\images\lorena.jpg <-- aladdin-nuvox /www.aladdinshrine.org/images lorena.jpg
107.03.12 22:09 B C:\Sites\Aladdin\images\lwf01.jpg <-- aladdin-nuvox /www.aladdinshrine.org/images lwf01.jpg
107.03.12 22:09 B C:\Sites\Aladdin\images\lwf11.jpg <-- aladdin-nuvox /www.aladdinshrine.org/images lwf11.jpg
107.03.12 22:09 B C:\Sites\Aladdin\images\lwf21.jpg <-- aladdin-nuvox /www.aladdinshrine.org/images lwf21.jpg
107.03.12 22:09 B C:\Sites\Aladdin\images\lwf31.jpg <-- aladdin-nuvox /www.aladdinshrine.org/images lwf31.jpg
107.03.12 22:09 B C:\Sites\Aladdin\images\mailbox.gif <-- aladdin-nuvox /www.aladdinshrine.org/images mailbox.gif
107.03.12 22:09 B C:\Sites\Aladdin\images\maildrop.gif <-- aladdin-nuvox /www.aladdinshrine.org/images maildrop.gif
107.03.12 22:09 B C:\Sites\Aladdin\images\mariners.gif <-- aladdin-nuvox /www.aladdinshrine.org/images mariners.gif
107.03.12 22:09 B C:\Sites\Aladdin\images\martin.gif <-- aladdin-nuvox /www.aladdinshrine.org/images martin.gif
107.03.12 22:09 B C:\Sites\Aladdin\images\mdcpote3.gif <-- aladdin-nuvox /www.aladdinshrine.org/images mdcpote3.gif
107.03.12 22:09 B C:\Sites\Aladdin\images\medica1.jpg <-- aladdin-nuvox /www.aladdinshrine.org/images medica1.jpg
107.03.12 22:09 B C:\Sites\Aladdin\images\medsymb.gif <-- aladdin-nuvox /www.aladdinshrine.org/images medsymb.gif
107.03.12 22:09 B C:\Sites\Aladdin\images\meeting3.gif <-- aladdin-nuvox /www.aladdinshrine.org/images meeting3.gif
107.03.12 22:09 B C:\Sites\Aladdin\images\mffc.gif <-- aladdin-nuvox /www.aladdinshrine.org/images mffc.gif
107.03.12 22:09 B C:\Sites\Aladdin\images\mile-high.jpg <-- aladdin-nuvox /www.aladdinshrine.org/images mile-high.jpg
107.03.12 22:09 B C:\Sites\Aladdin\images\mmrl.gif <-- aladdin-nuvox /www.aladdinshrine.org/images mmrl.gif
107.03.12 22:09 B C:\Sites\Aladdin\images\mowry.gif <-- aladdin-nuvox /www.aladdinshrine.org/images mowry.gif
107.03.12 22:09 B C:\Sites\Aladdin\images\Mproom.gif <-- aladdin-nuvox /www.aladdinshrine.org/images Mproom.gif
107.03.12 22:09 B C:\Sites\Aladdin\images\msa.gif <-- aladdin-nuvox /www.aladdinshrine.org/images msa.gif
107.03.12 22:09 B C:\Sites\Aladdin\images\mtrcycle.gif <-- aladdin-nuvox /www.aladdinshrine.org/images mtrcycle.gif
107.03.12 22:09 B C:\Sites\Aladdin\images\mumcolor.gif <-- aladdin-nuvox /www.aladdinshrine.org/images mumcolor.gif
107.03.12 22:09 B C:\Sites\Aladdin\images\mumhdsm.jpg <-- aladdin-nuvox /www.aladdinshrine.org/images mumhdsm.jpg
107.03.12 22:09 B C:\Sites\Aladdin\images\Mummy.jpg <-- aladdin-nuvox /www.aladdinshrine.org/images Mummy.jpg
107.03.12 22:09 B C:\Sites\Aladdin\images\music10.gif <-- aladdin-nuvox /www.aladdinshrine.org/images music10.gif
107.03.12 22:09 B C:\Sites\Aladdin\images\New_Years_Eve.gif <-- aladdin-nuvox /www.aladdinshrine.org/images New_Years_Eve.gif
107.03.12 22:09 B C:\Sites\Aladdin\images\New_Years_Eve.jpg <-- aladdin-nuvox /www.aladdinshrine.org/images New_Years_Eve.jpg
107.03.12 22:09 B C:\Sites\Aladdin\images\newspapr.gif <-- aladdin-nuvox /www.aladdinshrine.org/images newspapr.gif
107.03.12 22:09 B C:\Sites\Aladdin\images\newyea1.gif <-- aladdin-nuvox /www.aladdinshrine.org/images newyea1.gif
107.03.12 22:09 B C:\Sites\Aladdin\images\newyears.gif <-- aladdin-nuvox /www.aladdinshrine.org/images newyears.gif
107.03.12 22:09 B C:\Sites\Aladdin\images\nobles.mid <-- aladdin-nuvox /www.aladdinshrine.org/images nobles.mid
107.03.12 22:09 B C:\Sites\Aladdin\images\noeast.gif <-- aladdin-nuvox /www.aladdinshrine.org/images noeast.gif
107.03.12 22:09 B C:\Sites\Aladdin\images\nowest.gif <-- aladdin-nuvox /www.aladdinshrine.org/images nowest.gif
107.03.12 22:09 B C:\Sites\Aladdin\images\nuvox.gif <-- aladdin-nuvox /www.aladdinshrine.org/images nuvox.gif
107.03.12 22:09 B C:\Sites\Aladdin\images\NVTech_food021.gif <-- aladdin-nuvox /www.aladdinshrine.org/images NVTech_food021.gif
107.03.12 22:09 B C:\Sites\Aladdin\images\oasis.gif <-- aladdin-nuvox /www.aladdinshrine.org/images oasis.gif
107.03.12 22:09 B C:\Sites\Aladdin\images\oguide6.jpg <-- aladdin-nuvox /www.aladdinshrine.org/images oguide6.jpg
107.03.12 22:09 B C:\Sites\Aladdin\images\oien.jpeg <-- aladdin-nuvox /www.aladdinshrine.org/images oien.jpeg
107.03.12 22:09 B C:\Sites\Aladdin\images\other_photos_button.gif <-- aladdin-nuvox /www.aladdinshrine.org/images other_photos_button.gif
107.03.12 22:09 B C:\Sites\Aladdin\images\parks2.jpg <-- aladdin-nuvox /www.aladdinshrine.org/images parks2.jpg
107.03.12 22:09 B C:\Sites\Aladdin\images\patmed.mid <-- aladdin-nuvox /www.aladdinshrine.org/images patmed.mid
107.03.12 22:09 B C:\Sites\Aladdin\images\patrol.gif <-- aladdin-nuvox /www.aladdinshrine.org/images patrol.gif
107.03.12 22:09 B C:\Sites\Aladdin\images\patrol1.jpg <-- aladdin-nuvox /www.aladdinshrine.org/images patrol1.jpg
107.03.12 22:09 B C:\Sites\Aladdin\images\pilgrims.gif <-- aladdin-nuvox /www.aladdinshrine.org/images pilgrims.gif
107.03.12 22:09 B C:\Sites\Aladdin\images\pilgrims2.gif <-- aladdin-nuvox /www.aladdinshrine.org/images pilgrims2.gif
107.03.12 22:09 B C:\Sites\Aladdin\images\poster.jpg <-- aladdin-nuvox /www.aladdinshrine.org/images poster.jpg
107.03.12 22:09 B C:\Sites\Aladdin\images\pote.h1.jpg <-- aladdin-nuvox /www.aladdinshrine.org/images pote.h1.jpg
107.03.12 22:09 B C:\Sites\Aladdin\images\potems2.jpg <-- aladdin-nuvox /www.aladdinshrine.org/images potems2.jpg
107.03.12 22:09 B C:\Sites\Aladdin\images\potepin2001.gif <-- aladdin-nuvox /www.aladdinshrine.org/images potepin2001.gif
107.03.12 22:09 B C:\Sites\Aladdin\images\potespin.gif <-- aladdin-nuvox /www.aladdinshrine.org/images potespin.gif
107.03.12 22:09 B C:\Sites\Aladdin\images\pridepark1.jpg <-- aladdin-nuvox /www.aladdinshrine.org/images pridepark1.jpg
107.03.12 22:09 B C:\Sites\Aladdin\images\Provost.gif <-- aladdin-nuvox /www.aladdinshrine.org/images Provost.gif
107.03.12 22:09 B C:\Sites\Aladdin\images\public1.jpg <-- aladdin-nuvox /www.aladdinshrine.org/images public1.jpg
107.03.12 22:09 B C:\Sites\Aladdin\images\pumpkin.gif <-- aladdin-nuvox /www.aladdinshrine.org/images pumpkin.gif
107.03.12 22:09 B C:\Sites\Aladdin\images\rainbowplanet.gif <-- aladdin-nuvox /www.aladdinshrine.org/images rainbowplanet.gif
107.03.12 22:09 B C:\Sites\Aladdin\images\recept1.jpg <-- aladdin-nuvox /www.aladdinshrine.org/images recept1.jpg
107.03.12 22:09 B C:\Sites\Aladdin\images\recept4.jpg <-- aladdin-nuvox /www.aladdinshrine.org/images recept4.jpg
107.03.12 22:09 B C:\Sites\Aladdin\images\Reception_Group.jpg <-- aladdin-nuvox /www.aladdinshrine.org/images Reception_Group.jpg
107.03.12 22:09 B C:\Sites\Aladdin\images\Reception_Unit.gif <-- aladdin-nuvox /www.aladdinshrine.org/images Reception_Unit.gif
107.03.12 22:09 B C:\Sites\Aladdin\images\record3.gif <-- aladdin-nuvox /www.aladdinshrine.org/images record3.gif
107.03.12 22:09 B C:\Sites\Aladdin\images\record8.jpg <-- aladdin-nuvox /www.aladdinshrine.org/images record8.jpg
107.03.12 22:09 B C:\Sites\Aladdin\images\recorders.jpg <-- aladdin-nuvox /www.aladdinshrine.org/images recorders.jpg
107.03.12 22:09 B C:\Sites\Aladdin\images\redsketch.gif <-- aladdin-nuvox /www.aladdinshrine.org/images redsketch.gif
107.03.12 22:09 B C:\Sites\Aladdin\images\reissig.gif <-- aladdin-nuvox /www.aladdinshrine.org/images reissig.gif
107.03.12 22:10 B C:\Sites\Aladdin\images\rentaldev.gif <-- aladdin-nuvox /www.aladdinshrine.org/images rentaldev.gif
107.03.12 22:10 B C:\Sites\Aladdin\images\Rocket.gif <-- aladdin-nuvox /www.aladdinshrine.org/images Rocket.gif
107.03.12 22:10 B C:\Sites\Aladdin\images\rojcols.gif <-- aladdin-nuvox /www.aladdinshrine.org/images rojcols.gif
107.03.12 22:10 B C:\Sites\Aladdin\images\saints.mid <-- aladdin-nuvox /www.aladdinshrine.org/images saints.mid
107.03.12 22:10 B C:\Sites\Aladdin\images\saturn.gif <-- aladdin-nuvox /www.aladdinshrine.org/images saturn.gif
107.03.12 22:10 B C:\Sites\Aladdin\images\sbistick.jpg <-- aladdin-nuvox /www.aladdinshrine.org/images sbistick.jpg
107.03.12 22:10 B C:\Sites\Aladdin\images\scan0001.jpg <-- aladdin-nuvox /www.aladdinshrine.org/images scan0001.jpg
107.03.12 22:10 B C:\Sites\Aladdin\images\scan0002.jpg <-- aladdin-nuvox /www.aladdinshrine.org/images scan0002.jpg
107.03.12 22:10 B C:\Sites\Aladdin\images\scana.gif <-- aladdin-nuvox /www.aladdinshrine.org/images scana.gif
107.03.12 22:10 B C:\Sites\Aladdin\images\schedu1.gif <-- aladdin-nuvox /www.aladdinshrine.org/images schedu1.gif
107.03.12 22:10 B C:\Sites\Aladdin\images\schizo.gif <-- aladdin-nuvox /www.aladdinshrine.org/images schizo.gif
107.03.12 22:10 B C:\Sites\Aladdin\images\schuen.jpg <-- aladdin-nuvox /www.aladdinshrine.org/images schuen.jpg
107.03.12 22:10 B C:\Sites\Aladdin\images\selsam.gif <-- aladdin-nuvox /www.aladdinshrine.org/images selsam.gif
107.03.12 22:10 B C:\Sites\Aladdin\images\shcbackground.gif <-- aladdin-nuvox /www.aladdinshrine.org/images shcbackground.gif
107.03.12 22:10 B C:\Sites\Aladdin\images\shlogo1.gif <-- aladdin-nuvox /www.aladdinshrine.org/images shlogo1.gif
107.03.12 22:10 B C:\Sites\Aladdin\images\shlogo1b.gif <-- aladdin-nuvox /www.aladdinshrine.org/images shlogo1b.gif
107.03.12 22:10 B C:\Sites\Aladdin\images\showbanner.jpg <-- aladdin-nuvox /www.aladdinshrine.org/images showbanner.jpg
107.03.12 22:10 B C:\Sites\Aladdin\images\shrine.gif <-- aladdin-nuvox /www.aladdinshrine.org/images shrine.gif
107.03.12 22:10 B C:\Sites\Aladdin\images\shrine2.jpg <-- aladdin-nuvox /www.aladdinshrine.org/images shrine2.jpg
107.03.12 22:10 B C:\Sites\Aladdin\images\shrine2b.jpg <-- aladdin-nuvox /www.aladdinshrine.org/images shrine2b.jpg
107.03.12 22:10 B C:\Sites\Aladdin\images\shriner.gif <-- aladdin-nuvox /www.aladdinshrine.org/images shriner.gif
107.03.12 22:10 B C:\Sites\Aladdin\images\shrinerkiddoc.gif <-- aladdin-nuvox /www.aladdinshrine.org/images shrinerkiddoc.gif
107.03.12 22:10 B C:\Sites\Aladdin\images\signaturelogo.gif <-- aladdin-nuvox /www.aladdinshrine.org/images signaturelogo.gif
107.03.12 22:10 B C:\Sites\Aladdin\images\skull.gif <-- aladdin-nuvox /www.aladdinshrine.org/images skull.gif
107.03.12 22:10 B C:\Sites\Aladdin\images\smith.gif <-- aladdin-nuvox /www.aladdinshrine.org/images smith.gif
107.03.12 22:10 B C:\Sites\Aladdin\images\smith.jpeg <-- aladdin-nuvox /www.aladdinshrine.org/images smith.jpeg
107.03.12 22:10 B C:\Sites\Aladdin\images\smith2.jpg <-- aladdin-nuvox /www.aladdinshrine.org/images smith2.jpg
107.03.12 22:10 B C:\Sites\Aladdin\images\snowflk.gif <-- aladdin-nuvox /www.aladdinshrine.org/images snowflk.gif
107.03.12 22:10 B C:\Sites\Aladdin\images\snowflk2.gif <-- aladdin-nuvox /www.aladdinshrine.org/images snowflk2.gif
107.03.12 22:10 B C:\Sites\Aladdin\images\SNP_YAH.gif <-- aladdin-nuvox /www.aladdinshrine.org/images SNP_YAH.gif
107.03.12 22:10 B C:\Sites\Aladdin\images\snwflks1.gif <-- aladdin-nuvox /www.aladdinshrine.org/images snwflks1.gif
107.03.12 22:10 B C:\Sites\Aladdin\images\snwflks2.gif <-- aladdin-nuvox /www.aladdinshrine.org/images snwflks2.gif
107.03.12 22:10 B C:\Sites\Aladdin\images\snwflks3.gif <-- aladdin-nuvox /www.aladdinshrine.org/images snwflks3.gif
107.03.12 22:10 B C:\Sites\Aladdin\images\soeast.gif <-- aladdin-nuvox /www.aladdinshrine.org/images soeast.gif
107.03.12 22:10 B C:\Sites\Aladdin\images\space1.gif <-- aladdin-nuvox /www.aladdinshrine.org/images space1.gif
107.03.12 22:10 B C:\Sites\Aladdin\images\space2.gif <-- aladdin-nuvox /www.aladdinshrine.org/images space2.gif
107.03.12 22:10 B C:\Sites\Aladdin\images\sport.gif <-- aladdin-nuvox /www.aladdinshrine.org/images sport.gif
107.03.12 22:10 B C:\Sites\Aladdin\images\srcan.jpg <-- aladdin-nuvox /www.aladdinshrine.org/images srcan.jpg
107.03.12 22:10 B C:\Sites\Aladdin\images\srcmc.gif <-- aladdin-nuvox /www.aladdinshrine.org/images srcmc.gif
107.03.12 22:10 B C:\Sites\Aladdin\images\srmclc.jpg <-- aladdin-nuvox /www.aladdinshrine.org/images srmclc.jpg
107.03.12 22:10 B C:\Sites\Aladdin\images\stainbrk.gif <-- aladdin-nuvox /www.aladdinshrine.org/images stainbrk.gif
107.03.12 22:10 B C:\Sites\Aladdin\images\star.gif <-- aladdin-nuvox /www.aladdinshrine.org/images star.gif
107.03.12 22:10 B C:\Sites\Aladdin\images\starbanner.gif <-- aladdin-nuvox /www.aladdinshrine.org/images starbanner.gif
107.03.12 22:10 B C:\Sites\Aladdin\images\starshuttle.gif <-- aladdin-nuvox /www.aladdinshrine.org/images starshuttle.gif
107.03.12 22:10 B C:\Sites\Aladdin\images\starz_1.jpg <-- aladdin-nuvox /www.aladdinshrine.org/images starz_1.jpg
107.03.12 22:10 B C:\Sites\Aladdin\images\statue1.jpg <-- aladdin-nuvox /www.aladdinshrine.org/images statue1.jpg
107.03.12 22:10 B C:\Sites\Aladdin\images\statue2.jpg <-- aladdin-nuvox /www.aladdinshrine.org/images statue2.jpg
107.03.12 22:10 B C:\Sites\Aladdin\images\statue3.jpg <-- aladdin-nuvox /www.aladdinshrine.org/images statue3.jpg
107.03.12 22:10 B C:\Sites\Aladdin\images\stdrm.1.jpg <-- aladdin-nuvox /www.aladdinshrine.org/images stdrm.1.jpg
107.03.12 22:10 B C:\Sites\Aladdin\images\stkdnr.jpg <-- aladdin-nuvox /www.aladdinshrine.org/images stkdnr.jpg
107.03.12 22:10 B C:\Sites\Aladdin\images\tahar.jpg <-- aladdin-nuvox /www.aladdinshrine.org/images tahar.jpg
107.03.12 22:10 B C:\Sites\Aladdin\images\telephone.jpg <-- aladdin-nuvox /www.aladdinshrine.org/images telephone.jpg
107.03.12 22:10 B C:\Sites\Aladdin\images\thomas.jpg <-- aladdin-nuvox /www.aladdinshrine.org/images thomas.jpg
107.03.12 22:10 B C:\Sites\Aladdin\images\title.gif <-- aladdin-nuvox /www.aladdinshrine.org/images title.gif
107.03.12 22:10 B C:\Sites\Aladdin\images\together.gif <-- aladdin-nuvox /www.aladdinshrine.org/images together.gif
107.03.12 22:10 B C:\Sites\Aladdin\images\togetherbanner.gif <-- aladdin-nuvox /www.aladdinshrine.org/images togetherbanner.gif
107.03.12 22:10 B C:\Sites\Aladdin\images\tophatcane.jpg <-- aladdin-nuvox /www.aladdinshrine.org/images tophatcane.jpg
107.03.12 22:10 B C:\Sites\Aladdin\images\tower.gif <-- aladdin-nuvox /www.aladdinshrine.org/images tower.gif
107.03.12 22:10 B C:\Sites\Aladdin\images\triangle.gif <-- aladdin-nuvox /www.aladdinshrine.org/images triangle.gif
107.03.12 22:10 B C:\Sites\Aladdin\images\trustees.jpg <-- aladdin-nuvox /www.aladdinshrine.org/images trustees.jpg
107.03.12 22:10 B C:\Sites\Aladdin\images\turnipseed.jpeg <-- aladdin-nuvox /www.aladdinshrine.org/images turnipseed.jpeg
107.03.12 22:10 B C:\Sites\Aladdin\images\undrcnstr.gif <-- aladdin-nuvox /www.aladdinshrine.org/images undrcnstr.gif
107.03.12 22:10 B C:\Sites\Aladdin\images\unit_email.gif <-- aladdin-nuvox /www.aladdinshrine.org/images unit_email.gif
107.03.12 22:10 B C:\Sites\Aladdin\images\upcoming.gif <-- aladdin-nuvox /www.aladdinshrine.org/images upcoming.gif
107.03.12 22:10 B C:\Sites\Aladdin\images\upcoming_events.gif <-- aladdin-nuvox /www.aladdinshrine.org/images upcoming_events.gif
107.03.12 22:10 B C:\Sites\Aladdin\images\valentine_candy.jpg <-- aladdin-nuvox /www.aladdinshrine.org/images valentine_candy.jpg
107.03.12 22:11 B C:\Sites\Aladdin\images\vancouverlogo.jpg <-- aladdin-nuvox /www.aladdinshrine.org/images vancouverlogo.jpg
107.03.12 22:11 B C:\Sites\Aladdin\images\walktal2.gif <-- aladdin-nuvox /www.aladdinshrine.org/images walktal2.gif
107.03.12 22:11 B C:\Sites\Aladdin\images\walleyecup.jpg <-- aladdin-nuvox /www.aladdinshrine.org/images walleyecup.jpg
107.03.12 22:11 B C:\Sites\Aladdin\images\wb00471_.gif <-- aladdin-nuvox /www.aladdinshrine.org/images wb00471_.gif
107.03.12 22:11 B C:\Sites\Aladdin\images\wb01180_.gif <-- aladdin-nuvox /www.aladdinshrine.org/images wb01180_.gif
107.03.12 22:11 B C:\Sites\Aladdin\images\wb02456_.gif <-- aladdin-nuvox /www.aladdinshrine.org/images wb02456_.gif
107.03.12 22:11 B C:\Sites\Aladdin\images\westhse.gif <-- aladdin-nuvox /www.aladdinshrine.org/images westhse.gif
107.03.12 22:11 B C:\Sites\Aladdin\images\whale.jpg <-- aladdin-nuvox /www.aladdinshrine.org/images whale.jpg
107.03.12 22:11 B C:\Sites\Aladdin\images\whitetigers.jpg <-- aladdin-nuvox /www.aladdinshrine.org/images whitetigers.jpg
107.03.12 22:11 B C:\Sites\Aladdin\images\witch.gif <-- aladdin-nuvox /www.aladdinshrine.org/images witch.gif
107.03.12 22:11 B C:\Sites\Aladdin\images\wpe1.gif <-- aladdin-nuvox /www.aladdinshrine.org/images wpe1.gif
107.03.12 22:11 B C:\Sites\Aladdin\images\wpe11.jpg <-- aladdin-nuvox /www.aladdinshrine.org/images wpe11.jpg
107.03.12 22:11 B C:\Sites\Aladdin\images\wpe11_small.gif <-- aladdin-nuvox /www.aladdinshrine.org/images wpe11_small.gif
107.03.12 22:11 B C:\Sites\Aladdin\images\wpe12.jpg <-- aladdin-nuvox /www.aladdinshrine.org/images wpe12.jpg
107.03.12 22:11 B C:\Sites\Aladdin\images\wpe13.gif <-- aladdin-nuvox /www.aladdinshrine.org/images wpe13.gif
107.03.12 22:11 B C:\Sites\Aladdin\images\wpe13_small.gif <-- aladdin-nuvox /www.aladdinshrine.org/images wpe13_small.gif
107.03.12 22:11 B C:\Sites\Aladdin\images\wpe14.jpg <-- aladdin-nuvox /www.aladdinshrine.org/images wpe14.jpg
107.03.12 22:11 B C:\Sites\Aladdin\images\wpe14_small.gif <-- aladdin-nuvox /www.aladdinshrine.org/images wpe14_small.gif
107.03.12 22:11 B C:\Sites\Aladdin\images\wpe15_small.gif <-- aladdin-nuvox /www.aladdinshrine.org/images wpe15_small.gif
107.03.12 22:11 B C:\Sites\Aladdin\images\wpe15_small.jpg <-- aladdin-nuvox /www.aladdinshrine.org/images wpe15_small.jpg
107.03.12 22:11 B C:\Sites\Aladdin\images\wpe17.gif <-- aladdin-nuvox /www.aladdinshrine.org/images wpe17.gif
107.03.12 22:11 B C:\Sites\Aladdin\images\wpe17.jpg <-- aladdin-nuvox /www.aladdinshrine.org/images wpe17.jpg
107.03.12 22:11 B C:\Sites\Aladdin\images\wpe17_small.gif <-- aladdin-nuvox /www.aladdinshrine.org/images wpe17_small.gif
107.03.12 22:11 B C:\Sites\Aladdin\images\wpe18.gif <-- aladdin-nuvox /www.aladdinshrine.org/images wpe18.gif
107.03.12 22:11 B C:\Sites\Aladdin\images\wpe19.gif <-- aladdin-nuvox /www.aladdinshrine.org/images wpe19.gif
107.03.12 22:11 B C:\Sites\Aladdin\images\wpe19_small.gif <-- aladdin-nuvox /www.aladdinshrine.org/images wpe19_small.gif
107.03.12 22:11 B C:\Sites\Aladdin\images\wpe1B_small.gif <-- aladdin-nuvox /www.aladdinshrine.org/images wpe1B_small.gif
107.03.12 22:11 B C:\Sites\Aladdin\images\wpe1C.gif <-- aladdin-nuvox /www.aladdinshrine.org/images wpe1C.gif
107.03.12 22:11 B C:\Sites\Aladdin\images\wpe1C.jpg <-- aladdin-nuvox /www.aladdinshrine.org/images wpe1C.jpg
107.03.12 22:11 B C:\Sites\Aladdin\images\wpe1C_small.gif <-- aladdin-nuvox /www.aladdinshrine.org/images wpe1C_small.gif
107.03.12 22:11 B C:\Sites\Aladdin\images\wpe1D_small.gif <-- aladdin-nuvox /www.aladdinshrine.org/images wpe1D_small.gif
107.03.12 22:11 B C:\Sites\Aladdin\images\wpe1E.jpg <-- aladdin-nuvox /www.aladdinshrine.org/images wpe1E.jpg
107.03.12 22:11 B C:\Sites\Aladdin\images\wpe1E_small.gif <-- aladdin-nuvox /www.aladdinshrine.org/images wpe1E_small.gif
107.03.12 22:11 B C:\Sites\Aladdin\images\wpe25.jpg <-- aladdin-nuvox /www.aladdinshrine.org/images wpe25.jpg
107.03.12 22:11 B C:\Sites\Aladdin\images\wpe25_small.gif <-- aladdin-nuvox /www.aladdinshrine.org/images wpe25_small.gif
107.03.12 22:11 B C:\Sites\Aladdin\images\wpe26.jpg <-- aladdin-nuvox /www.aladdinshrine.org/images wpe26.jpg
107.03.12 22:11 B C:\Sites\Aladdin\images\wpe26_small.gif <-- aladdin-nuvox /www.aladdinshrine.org/images wpe26_small.gif
107.03.12 22:11 B C:\Sites\Aladdin\images\wt1.jpg <-- aladdin-nuvox /www.aladdinshrine.org/images wt1.jpg
107.03.12 22:11 B C:\Sites\Aladdin\images\wt1b.jpg <-- aladdin-nuvox /www.aladdinshrine.org/images wt1b.jpg
107.03.12 22:11 B C:\Sites\Aladdin\images\wt2.gif <-- aladdin-nuvox /www.aladdinshrine.org/images wt2.gif
107.03.12 22:11 B C:\Sites\Aladdin\images\wt3.gif <-- aladdin-nuvox /www.aladdinshrine.org/images wt3.gif
107.03.12 22:11 B C:\Sites\Aladdin\images\wt4.gif <-- aladdin-nuvox /www.aladdinshrine.org/images wt4.gif
107.03.12 22:11 B C:\Sites\Aladdin\images\wt5.gif <-- aladdin-nuvox /www.aladdinshrine.org/images wt5.gif
107.03.12 22:11 B C:\Sites\Aladdin\images\wtallclr2.gif <-- aladdin-nuvox /www.aladdinshrine.org/images wtallclr2.gif
107.03.12 22:11 B C:\Sites\Aladdin\images\WtallColor.gif <-- aladdin-nuvox /www.aladdinshrine.org/images WtallColor.gif
107.03.12 22:11 B C:\Sites\Aladdin\images\WtallColor2.gif <-- aladdin-nuvox /www.aladdinshrine.org/images WtallColor2.gif
107.03.12 22:11 B C:\Sites\Aladdin\images\wtallmono.GIF <-- aladdin-nuvox /www.aladdinshrine.org/images wtallmono.GIF
107.03.12 22:11 B C:\Sites\Aladdin\images\xmsbldg.jpg <-- aladdin-nuvox /www.aladdinshrine.org/images xmsbldg.jpg
107.03.12 22:11 B C:\Sites\Aladdin\images\zavi.jpg <-- aladdin-nuvox /www.aladdinshrine.org/images zavi.jpg
